Flutter crash report.
Please report a bug at https://github.com/flutter/flutter/issues.

## command

flutter build web

## exception

FileSystemException: FileSystemException: Failed to decode data using encoding 'utf-8', path = 'C:\maid\maid_app\.gitignore'

```
#0      _File._tryDecode (dart:io/file_impl.dart:707:7)
#1      _File.readAsStringSync (dart:io/file_impl.dart:718:7)
#2      _File.readAsLinesSync (dart:io/file_impl.dart:724:36)
#3      ForwardingFile.readAsLinesSync (package:file/src/forwarding/forwarding_file.dart:107:16)
#4      ForwardingFile.readAsLinesSync (package:file/src/forwarding/forwarding_file.dart:107:16)
#5      ProjectMigrator.processFileLines (package:flutter_tools/src/base/project_migrator.dart:40:37)
#6      ScrubGeneratedPluginRegistrant.migrate (package:flutter_tools/src/web/migrations/scrub_generated_plugin_registrant.dart:28:7)
#7      ProjectMigration.run (package:flutter_tools/src/base/project_migrator.dart:86:22)
#8      WebBuilder.buildWeb (package:flutter_tools/src/web/compile.dart:86:21)
<asynchronous suspension>
#9      BuildWebCommand.runCommand (package:flutter_tools/src/commands/build_web.dart:246:5)
<asynchronous suspension>
#10     FlutterCommand.run.<anonymous closure> (package:flutter_tools/src/runner/flutter_command.dart:1563:27)
<asynchronous suspension>
#11     AppContext.run.<anonymous closure> (package:flutter_tools/src/base/context.dart:154:19)
<asynchronous suspension>
#12     CommandRunner.runCommand (package:args/command_runner.dart:212:13)
<asynchronous suspension>
#13     FlutterCommandRunner.runCommand.<anonymous closure> (package:flutter_tools/src/runner/flutter_command_runner.dart:494:9)
<asynchronous suspension>
#14     AppContext.run.<anonymous closure> (package:flutter_tools/src/base/context.dart:154:19)
<asynchronous suspension>
#15     FlutterCommandRunner.runCommand (package:flutter_tools/src/runner/flutter_command_runner.dart:431:5)
<asynchronous suspension>
#16     run.<anonymous closure>.<anonymous closure> (package:flutter_tools/runner.dart:98:11)
<asynchronous suspension>
#17     AppContext.run.<anonymous closure> (package:flutter_tools/src/base/context.dart:154:19)
<asynchronous suspension>
#18     main (package:flutter_tools/executable.dart:102:3)
<asynchronous suspension>
```

## flutter doctor

```
[32m[✓][39m Flutter (Channel stable, 3.32.4, on Microsoft Windows [Version 10.0.19045.5965], locale en-US)
    [454ms]
    [32m•[39m Flutter version 3.32.4 on channel stable at C:\dev\flutter
    [32m•[39m Upstream repository https://github.com/flutter/flutter.git
    [32m•[39m Framework revision 6fba2447e9 (3 weeks ago), 2025-06-12 19:03:56 -0700
    [32m•[39m Engine revision 8cd19e509d
    [32m•[39m Dart version 3.8.1
    [32m•[39m DevTools version 2.45.1

[32m[✓][39m Windows Version (10 Home Single Language 64-bit, 22H2, 2009) [2.7s]

[32m[✓][39m Android toolchain - develop for Android devices (Android SDK version 35.0.1) [2.8s]
    [32m•[39m Android SDK at C:\Users\ACER\AppData\Local\Android\sdk
    [32m•[39m Platform android-35, build-tools 35.0.1
    [32m•[39m Java binary at: C:\Program Files\Android\Android Studio\jbr\bin\java
      This is the JDK bundled with the latest Android Studio installation on this machine.
      To manually set the JDK path, use: `flutter config --jdk-dir="path/to/jdk"`.
    [32m•[39m Java version OpenJDK Runtime Environment (build 21.0.4+-12508038-b607.1)
    [32m•[39m All Android licenses accepted.

[32m[✓][39m Chrome - develop for the web [24ms]
    [32m•[39m Chrome at C:\Program Files\Google\Chrome\Application\chrome.exe

[31m[✗][39m Visual Studio - develop Windows apps [23ms]
    [31m✗[39m Visual Studio not installed; this is necessary to develop Windows apps.
      Download at https://visualstudio.microsoft.com/downloads/.
      Please install the "Desktop development with C++" workload, including all of its default
      components

[32m[✓][39m Android Studio (version 2024.2) [19ms]
    [32m•[39m Android Studio at C:\Program Files\Android\Android Studio
    [32m•[39m Flutter plugin can be installed from:
      🔨 https://plugins.jetbrains.com/plugin/9212-flutter
    [32m•[39m Dart plugin can be installed from:
      🔨 https://plugins.jetbrains.com/plugin/6351-dart
    [32m•[39m Java version OpenJDK Runtime Environment (build 21.0.4+-12508038-b607.1)

[32m[✓][39m VS Code, 64-bit edition (version 1.101.2) [17ms]
    [32m•[39m VS Code at C:\Program Files\Microsoft VS Code
    [32m•[39m Flutter extension version 3.114.0

[32m[✓][39m Connected device (3 available) [209ms]
    [32m•[39m Windows (desktop) • windows • windows-x64    • Microsoft Windows [Version 10.0.19045.5965]
    [32m•[39m Chrome (web)      • chrome  • web-javascript • Google Chrome 126.0.6478.127
    [32m•[39m Edge (web)        • edge    • web-javascript • Microsoft Edge 138.0.3351.65

[32m[✓][39m Network resources [564ms]
    [32m•[39m All expected network resources are available.

[33m![39m Doctor found issues in 1 category.
```
